C51 COMPILER V9.60.7.0   DELAY                                                             06/15/2024 18:15:02 PAGE 1   


C51 COMPILER V9.60.7.0, COMPILATION OF MODULE DELAY
OBJECT MODULE PLACED IN .\Objects\Delay.obj
COMPILER INVOKED BY: D:\Programing\Keil5\C51\BIN\C51.EXE Delay.c OPTIMIZE(8,SPEED) BROWSE DEBUG OBJECTEXTEND PRINT(.\Lis
                    -tings\Delay.lst) TABS(2) OBJECT(.\Objects\Delay.obj)

line level    source

   1          
   2          void Delay(unsigned int x)  //@12.000MHz
   3          {
   4   1        unsigned char data i, j;
   5   1        
   6   1        while(x>0){
   7   2          i = 2;//这两句也要放入循环
   8   2          j = 239;
   9   2          do{
  10   3            while (--j);
  11   3          } while (--i);
  12   2          x--;
  13   2        }
  14   1      
  15   1      }
  16          void Delay1000ms(void)  //@12.000MHz
  17          {
  18   1        unsigned char data i, j, k;
  19   1      
  20   1        i = 46;
  21   1        j = 153;
  22   1        k = 245;
  23   1        do
  24   1        {
  25   2          do
  26   2          {
  27   3            while (--k);
  28   3          } while (--j);
  29   2        } while (--i);
  30   1      }
  31          


MODULE INFORMATION:   STATIC OVERLAYABLE
   CODE SIZE        =     38    ----
   CONSTANT SIZE    =   ----    ----
   XDATA SIZE       =   ----    ----
   PDATA SIZE       =   ----    ----
   DATA SIZE        =   ----    ----
   IDATA SIZE       =   ----    ----
   BIT SIZE         =   ----    ----
END OF MODULE INFORMATION.


C51 COMPILATION COMPLETE.  0 WARNING(S),  0 ERROR(S)
