C51 COMPILER V9.60.7.0   DS1302                                                            06/15/2024 17:36:34 PAGE 1   


C51 COMPILER V9.60.7.0, COMPILATION OF MODULE DS1302
OBJECT MODULE PLACED IN .\Objects\DS1302.obj
COMPILER INVOKED BY: D:\Programing\Keil5\C51\BIN\C51.EXE DS1302.c OPTIMIZE(8,SPEED) BROWSE DEBUG OBJECTEXTEND PRINT(.\Li
                    -stings\DS1302.lst) TABS(2) OBJECT(.\Objects\DS1302.obj)

line level    source

   1          #include <REGX52.H>
   2          
   3          sbit DS1302_SCLK = P3^6;
   4          sbit DS1302_IO = P3^4;
   5          sbit DS1302_CE = P3^5;
   6          
   7          #define DS1302_SEC 0x80
   8          #define DS1302_MIN 0x82
   9          #define DS1302_HR  0x84
  10          #define DS1302_DATE 0x86
  11          #define DS1302_MON 0x88
  12          #define DS1302_DAY 0x8A
  13          #define DS1302_YEAR 0x8C
  14          #define DS1302_WP 0x8E//写保护
  15          
  16          extern char DS1302_Time[] = {24,4,4,17,20,0,4,-1};
  17          //要判断小于0所以用了有符号的
  18          
  19          void DS1302_Init()
  20          {
  21   1        DS1302_CE = 0;
  22   1        DS1302_SCLK = 0;
  23   1      }
  24          
  25          void DS1302_WriteByte(unsigned char Command,Data)
  26          {
  27   1        unsigned char i;
  28   1        DS1302_CE = 1;
  29   1        for(i = 0; i < 8 ; i++)
  30   1        {
  31   2          DS1302_IO = Command & (0x01<<i);
  32   2          DS1302_SCLK = 0;
  33   2          DS1302_SCLK = 1;
  34   2          
  35   2          
  36   2        }
  37   1        for(i = 0; i < 8 ; i++)
  38   1        {
  39   2          DS1302_IO = Data & (0x01<<i);
  40   2          DS1302_SCLK = 0;
  41   2          DS1302_SCLK = 1;
  42   2          
  43   2          
  44   2        }
  45   1      }
  46          
  47          unsigned char DS1302_ReadByte(unsigned char Command)
  48          {
  49   1        unsigned char i, Data = 0x00;
  50   1        Command |= 0x01;//加这句时所用的指令和写入一样即可
  51   1        DS1302_CE = 1;
  52   1        for(i = 0; i < 8 ; i++)
  53   1        {
  54   2          DS1302_IO = Command  & (0x01<<i);
C51 COMPILER V9.60.7.0   DS1302                                                            06/15/2024 17:36:34 PAGE 2   

  55   2          DS1302_SCLK = 0;
  56   2          DS1302_SCLK = 1;
  57   2          
  58   2          
  59   2        }
  60   1        for(i = 0; i < 8 ; i++)
  61   1        {
  62   2          DS1302_SCLK=1;
  63   2          DS1302_SCLK=0;
  64   2          if(DS1302_IO)
  65   2            Data |= (0x01<<i);
  66   2        }
  67   1        DS1302_CE = 0;
  68   1        DS1302_IO = 0;
  69   1        return Data;
  70   1      }
  71          
  72          void DS1302_SetTime()
  73          {
  74   1        DS1302_WriteByte(DS1302_WP,0x00);
  75   1        DS1302_WriteByte(DS1302_YEAR,(DS1302_Time[0]/10*16+DS1302_Time[0]%10));
  76   1        DS1302_WriteByte(DS1302_MON,(DS1302_Time[1]/10*16+DS1302_Time[1]%10));
  77   1        DS1302_WriteByte(DS1302_DATE,(DS1302_Time[2]/10*16+DS1302_Time[2]%10));
  78   1        DS1302_WriteByte(DS1302_HR,(DS1302_Time[3]/10*16+DS1302_Time[3]%10));
  79   1        DS1302_WriteByte(DS1302_MIN,(DS1302_Time[4]/10*16+DS1302_Time[4]%10));
  80   1        DS1302_WriteByte(DS1302_SEC,(DS1302_Time[5]/10*16+DS1302_Time[5]%10));
  81   1        DS1302_WriteByte(DS1302_DAY,(DS1302_Time[6]/10*16+DS1302_Time[6]%10));
  82   1        DS1302_WriteByte(DS1302_WP,0x80);//最高位是WP位
  83   1      }
  84          void DS1302_ReadTime()
  85          {
  86   1        unsigned char temp;
  87   1        temp = DS1302_ReadByte(DS1302_YEAR);
  88   1        DS1302_Time[0] = temp/16*10+temp%16;
  89   1        temp = DS1302_ReadByte(DS1302_MON);
  90   1        DS1302_Time[1] = temp/16*10+temp%16;
  91   1        temp = DS1302_ReadByte(DS1302_DATE);
  92   1        DS1302_Time[2] = temp/16*10+temp%16;
  93   1        temp = DS1302_ReadByte(DS1302_HR);
  94   1        DS1302_Time[3] = temp/16*10+temp%16;
  95   1        temp = DS1302_ReadByte(DS1302_MIN);
  96   1        DS1302_Time[4] = temp/16*10+temp%16;
  97   1        temp = DS1302_ReadByte(DS1302_SEC);
  98   1        DS1302_Time[5] = temp/16*10+temp%16;
  99   1        temp = DS1302_ReadByte(DS1302_DAY);
 100   1        DS1302_Time[6] = temp/16*10+temp%16;
 101   1        
 102   1      }


MODULE INFORMATION:   STATIC OVERLAYABLE
   CODE SIZE        =    692    ----
   CONSTANT SIZE    =   ----    ----
   XDATA SIZE       =   ----    ----
   PDATA SIZE       =   ----    ----
   DATA SIZE        =      8       2
   IDATA SIZE       =   ----    ----
   BIT SIZE         =   ----    ----
END OF MODULE INFORMATION.


C51 COMPILATION COMPLETE.  0 WARNING(S),  0 ERROR(S)
