C51 COMPILER V9.60.7.0   ONEWIRE                                                           04/04/2024 13:36:37 PAGE 1   


C51 COMPILER V9.60.7.0, COMPILATION OF MODULE ONEWIRE
OBJECT MODULE PLACED IN .\Objects\OneWire.obj
COMPILER INVOKED BY: D:\Programing\Keil5\C51\BIN\C51.EXE OneWire.c OPTIMIZE(8,SPEED) BROWSE DEBUG OBJECTEXTEND PRINT(.\L
                    -istings\OneWire.lst) TABS(2) OBJECT(.\Objects\OneWire.obj)

line level    source

   1          #include <REGX52.H>
   2          
   3          sbit OneWire_DQ = P3^7; 
   4          
   5          unsigned char OneWire_Init()
   6          {
   7   1        unsigned char i,AckBit;
   8   1        OneWire_DQ = 1;
   9   1        OneWire_DQ = 0;
  10   1      
  11   1        i = 247; while(--i);//延时500微秒 227
  12   1        OneWire_DQ = 1;
  13   1      
  14   1        i = 32;while (--i);//延时70微秒 29
  15   1        AckBit = OneWire_DQ;
  16   1        i = 247; while(--i);//延时500微秒 227
  17   1        
  18   1        return AckBit;
  19   1      }
  20          
  21          void OneWire_SendBit(unsigned char Bit)
  22          {
  23   1        unsigned char data i;
  24   1        OneWire_DQ = 0;//在发送1bit之前肯定是初始化
  25   1        //所以没先把OneWire_DQ置1
  26   1        //这里用了一点技巧，10us之后将Bit送到总线上
  27   1        //如果Bit是0则一直是0 如果是1则一直是1，满足0和1的检测条件
  28   1        //省去了if判断
  29   1        i = 2;while (--i);//延时10微秒
  30   1        OneWire_DQ = Bit;
  31   1        i = 22;while (--i);//延时50微秒 20
  32   1        OneWire_DQ = 1;
  33   1      }
  34          
  35          unsigned char OneWire_ReceiveBit()
  36          {
  37   1        unsigned char i,Bit;
  38   1        OneWire_DQ = 0;
  39   1        //i = 1;while (--i);//延时5微秒
  40   1        OneWire_DQ = 1;
  41   1        //i = 1;while (--i);//延时5微秒
  42   1        Bit = OneWire_DQ;
  43   1        i = 22;while (--i);//延时50微秒 20
  44   1        return Bit;
  45   1      } 
  46          
  47          void OneWire_SendByte(unsigned char Byte)
  48          {
  49   1        unsigned char i;
  50   1        for(i = 0; i < 8; i++)
  51   1          OneWire_SendBit(Byte&(0x01<<i));
  52   1      }
  53          
  54          unsigned char OneWire_ReceiveByte()
C51 COMPILER V9.60.7.0   ONEWIRE                                                           04/04/2024 13:36:37 PAGE 2   

  55          {
  56   1        unsigned char i,Byte = 0x00;
  57   1        for(i = 0; i < 8; i++)
  58   1          if(OneWire_ReceiveBit()) 
  59   1            Byte |= (0x01<<i);
  60   1        return Byte;
  61   1      }


MODULE INFORMATION:   STATIC OVERLAYABLE
   CODE SIZE        =    112    ----
   CONSTANT SIZE    =   ----    ----
   XDATA SIZE       =   ----    ----
   PDATA SIZE       =   ----    ----
   DATA SIZE        =   ----    ----
   IDATA SIZE       =   ----    ----
   BIT SIZE         =   ----    ----
END OF MODULE INFORMATION.


C51 COMPILATION COMPLETE.  0 WARNING(S),  0 ERROR(S)
