C51 COMPILER V9.60.7.0   TIMER0                                                            04/04/2024 13:36:37 PAGE 1   


C51 COMPILER V9.60.7.0, COMPILATION OF MODULE TIMER0
OBJECT MODULE PLACED IN .\Objects\Timer0.obj
COMPILER INVOKED BY: D:\Programing\Keil5\C51\BIN\C51.EXE Timer0.c OPTIMIZE(8,SPEED) BROWSE DEBUG OBJECTEXTEND PRINT(.\Li
                    -stings\Timer0.lst) TABS(2) OBJECT(.\Objects\Timer0.obj)

line level    source

   1          #include <REGX52.H>
   2          
   3          void Timer0_Init(){
   4   1        TMOD = TMOD&0xF0;
   5   1        TMOD = TMOD|0x01;
   6   1        TF0 = 0;
   7   1        TR0 = 1;
   8   1        TL0 = 0x66;
   9   1        TH0 = 0xFC;
  10   1        ET0 = 1;
  11   1        EA = 1;
  12   1        PT0 = 0;
  13   1      }
  14          /*
  15          //中断函数
  16          void Timer0_Routine() interrupt 1
  17          {   
  18              static unsigned int T0Count;
  19              TL0 = 0x66;
  20              TH0 = 0xFC;
  21              T0Count++;
  22              if(T0Count >= 1000)
  23              {
  24                T0Count = 0;
  25                P2_0 = ~P2_0;
  26              }
  27              
  28          }
  29          */


MODULE INFORMATION:   STATIC OVERLAYABLE
   CODE SIZE        =     23    ----
   CONSTANT SIZE    =   ----    ----
   XDATA SIZE       =   ----    ----
   PDATA SIZE       =   ----    ----
   DATA SIZE        =   ----    ----
   IDATA SIZE       =   ----    ----
   BIT SIZE         =   ----    ----
END OF MODULE INFORMATION.


C51 COMPILATION COMPLETE.  0 WARNING(S),  0 ERROR(S)
